time:2020-Jan-02 10:43:51.109 level:INFO  thread:main logger:org.quartz.impl.StdSchedulerFactory message:Using default implementation for ThreadExecutor
time:2020-Jan-02 10:43:51.165 level:INFO  thread:main logger:org.quartz.core.SchedulerSignalerImpl message:Initialized Scheduler Signaller of type: class org.quartz.core.SchedulerSignalerImpl
time:2020-Jan-02 10:43:51.171 level:INFO  thread:main logger:org.quartz.core.QuartzScheduler message:Quartz Scheduler v.2.2.1 created.
time:2020-Jan-02 10:43:51.172 level:INFO  thread:main logger:org.quartz.plugins.xml.XMLSchedulingDataProcessorPlugin message:Registering Quartz Job Initialization Plug-in.
time:2020-Jan-02 10:43:51.173 level:INFO  thread:main logger:org.quartz.simpl.RAMJobStore message:RAMJobStore initialized.
time:2020-Jan-02 10:43:51.174 level:INFO  thread:main logger:org.quartz.core.QuartzScheduler message:Scheduler meta-data: Quartz Scheduler (v2.2.1) 'QuartzScheduler' with instanceId 'NON_CLUSTERED'
  Scheduler class: 'org.quartz.core.QuartzScheduler' - running locally.
  NOT STARTED.
  Currently in standby mode.
  Number of jobs executed: 0
  Using thread pool 'org.quartz.simpl.SimpleThreadPool' - with 5 threads.
  Using job-store 'org.quartz.simpl.RAMJobStore' - which does not support persistence. and is not clustered.

time:2020-Jan-02 10:43:51.175 level:INFO  thread:main logger:org.quartz.impl.StdSchedulerFactory message:Quartz scheduler 'QuartzScheduler' initialized from an externally provided properties instance.
time:2020-Jan-02 10:43:51.175 level:INFO  thread:main logger:org.quartz.impl.StdSchedulerFactory message:Quartz scheduler version: 2.2.1
time:2020-Jan-02 10:43:51.175 level:INFO  thread:main logger:org.quartz.core.QuartzScheduler message:JobFactory set to: net.halflite.guicequartzsample.scheduler.GuiceJobFactory@68dc098b
time:2020-Jan-02 10:43:51.202 level:INFO  thread:main logger:org.quartz.xml.XMLSchedulingDataProcessor message:Parsing XML file: quartz-config.xml with systemId: quartz-config.xml
time:2020-Jan-02 10:43:51.474 level:INFO  thread:main logger:org.quartz.xml.XMLSchedulingDataProcessor message:Adding 1 jobs, 1 triggers.
time:2020-Jan-02 10:43:51.475 level:INFO  thread:main logger:org.quartz.xml.XMLSchedulingDataProcessor message:Adding job: default_job_group.default_job
time:2020-Jan-02 10:43:51.478 level:INFO  thread:main logger:org.quartz.core.QuartzScheduler message:Scheduler QuartzScheduler_$_NON_CLUSTERED started.
time:2020-Jan-02 10:44:08.468 level:INFO  thread:main logger:org.quartz.impl.StdSchedulerFactory message:Using default implementation for ThreadExecutor
time:2020-Jan-02 10:44:08.488 level:INFO  thread:main logger:org.quartz.core.SchedulerSignalerImpl message:Initialized Scheduler Signaller of type: class org.quartz.core.SchedulerSignalerImpl
time:2020-Jan-02 10:44:08.490 level:INFO  thread:main logger:org.quartz.core.QuartzScheduler message:Quartz Scheduler v.2.2.1 created.
time:2020-Jan-02 10:44:08.491 level:INFO  thread:main logger:org.quartz.plugins.xml.XMLSchedulingDataProcessorPlugin message:Registering Quartz Job Initialization Plug-in.
time:2020-Jan-02 10:44:08.492 level:INFO  thread:main logger:org.quartz.simpl.RAMJobStore message:RAMJobStore initialized.
time:2020-Jan-02 10:44:08.493 level:INFO  thread:main logger:org.quartz.core.QuartzScheduler message:Scheduler meta-data: Quartz Scheduler (v2.2.1) 'QuartzScheduler' with instanceId 'NON_CLUSTERED'
  Scheduler class: 'org.quartz.core.QuartzScheduler' - running locally.
  NOT STARTED.
  Currently in standby mode.
  Number of jobs executed: 0
  Using thread pool 'org.quartz.simpl.SimpleThreadPool' - with 5 threads.
  Using job-store 'org.quartz.simpl.RAMJobStore' - which does not support persistence. and is not clustered.

time:2020-Jan-02 10:44:08.493 level:INFO  thread:main logger:org.quartz.impl.StdSchedulerFactory message:Quartz scheduler 'QuartzScheduler' initialized from an externally provided properties instance.
time:2020-Jan-02 10:44:08.494 level:INFO  thread:main logger:org.quartz.impl.StdSchedulerFactory message:Quartz scheduler version: 2.2.1
time:2020-Jan-02 10:44:08.494 level:INFO  thread:main logger:org.quartz.core.QuartzScheduler message:JobFactory set to: net.halflite.guicequartzsample.scheduler.GuiceJobFactory@f107c50
time:2020-Jan-02 10:44:08.512 level:INFO  thread:main logger:org.quartz.xml.XMLSchedulingDataProcessor message:Parsing XML file: quartz-config.xml with systemId: quartz-config.xml
time:2020-Jan-02 10:44:08.785 level:INFO  thread:main logger:org.quartz.xml.XMLSchedulingDataProcessor message:Adding 1 jobs, 1 triggers.
time:2020-Jan-02 10:44:08.785 level:INFO  thread:main logger:org.quartz.xml.XMLSchedulingDataProcessor message:Adding job: default_job_group.default_job
time:2020-Jan-02 10:44:08.790 level:INFO  thread:main logger:org.quartz.core.QuartzScheduler message:Scheduler QuartzScheduler_$_NON_CLUSTERED started.
time:2020-Jan-02 10:44:17.162 level:INFO  thread:main logger:org.quartz.impl.StdSchedulerFactory message:Using default implementation for ThreadExecutor
time:2020-Jan-02 10:44:17.185 level:INFO  thread:main logger:org.quartz.core.SchedulerSignalerImpl message:Initialized Scheduler Signaller of type: class org.quartz.core.SchedulerSignalerImpl
time:2020-Jan-02 10:44:17.188 level:INFO  thread:main logger:org.quartz.core.QuartzScheduler message:Quartz Scheduler v.2.2.1 created.
time:2020-Jan-02 10:44:17.205 level:INFO  thread:main logger:org.quartz.plugins.xml.XMLSchedulingDataProcessorPlugin message:Registering Quartz Job Initialization Plug-in.
time:2020-Jan-02 10:44:17.206 level:INFO  thread:main logger:org.quartz.simpl.RAMJobStore message:RAMJobStore initialized.
time:2020-Jan-02 10:44:17.208 level:INFO  thread:main logger:org.quartz.core.QuartzScheduler message:Scheduler meta-data: Quartz Scheduler (v2.2.1) 'QuartzScheduler' with instanceId 'NON_CLUSTERED'
  Scheduler class: 'org.quartz.core.QuartzScheduler' - running locally.
  NOT STARTED.
  Currently in standby mode.
  Number of jobs executed: 0
  Using thread pool 'org.quartz.simpl.SimpleThreadPool' - with 5 threads.
  Using job-store 'org.quartz.simpl.RAMJobStore' - which does not support persistence. and is not clustered.

time:2020-Jan-02 10:44:17.211 level:INFO  thread:main logger:org.quartz.impl.StdSchedulerFactory message:Quartz scheduler 'QuartzScheduler' initialized from an externally provided properties instance.
time:2020-Jan-02 10:44:17.212 level:INFO  thread:main logger:org.quartz.impl.StdSchedulerFactory message:Quartz scheduler version: 2.2.1
time:2020-Jan-02 10:44:17.212 level:INFO  thread:main logger:org.quartz.core.QuartzScheduler message:JobFactory set to: net.halflite.guicequartzsample.scheduler.GuiceJobFactory@51133c06
time:2020-Jan-02 10:44:17.240 level:INFO  thread:main logger:org.quartz.xml.XMLSchedulingDataProcessor message:Parsing XML file: quartz-config.xml with systemId: quartz-config.xml
time:2020-Jan-02 10:44:17.575 level:INFO  thread:main logger:org.quartz.xml.XMLSchedulingDataProcessor message:Adding 1 jobs, 1 triggers.
time:2020-Jan-02 10:44:17.579 level:INFO  thread:main logger:org.quartz.xml.XMLSchedulingDataProcessor message:Adding job: default_job_group.default_job
time:2020-Jan-02 10:44:17.587 level:INFO  thread:main logger:org.quartz.core.QuartzScheduler message:Scheduler QuartzScheduler_$_NON_CLUSTERED started.
time:2020-Jan-02 10:44:25.937 level:INFO  thread:main logger:org.quartz.impl.StdSchedulerFactory message:Using default implementation for ThreadExecutor
time:2020-Jan-02 10:44:25.981 level:INFO  thread:main logger:org.quartz.core.SchedulerSignalerImpl message:Initialized Scheduler Signaller of type: class org.quartz.core.SchedulerSignalerImpl
time:2020-Jan-02 10:44:25.998 level:INFO  thread:main logger:org.quartz.core.QuartzScheduler message:Quartz Scheduler v.2.2.1 created.
time:2020-Jan-02 10:44:26.000 level:INFO  thread:main logger:org.quartz.plugins.xml.XMLSchedulingDataProcessorPlugin message:Registering Quartz Job Initialization Plug-in.
time:2020-Jan-02 10:44:26.003 level:INFO  thread:main logger:org.quartz.simpl.RAMJobStore message:RAMJobStore initialized.
time:2020-Jan-02 10:44:26.004 level:INFO  thread:main logger:org.quartz.core.QuartzScheduler message:Scheduler meta-data: Quartz Scheduler (v2.2.1) 'QuartzScheduler' with instanceId 'NON_CLUSTERED'
  Scheduler class: 'org.quartz.core.QuartzScheduler' - running locally.
  NOT STARTED.
  Currently in standby mode.
  Number of jobs executed: 0
  Using thread pool 'org.quartz.simpl.SimpleThreadPool' - with 5 threads.
  Using job-store 'org.quartz.simpl.RAMJobStore' - which does not support persistence. and is not clustered.

time:2020-Jan-02 10:44:26.020 level:INFO  thread:main logger:org.quartz.impl.StdSchedulerFactory message:Quartz scheduler 'QuartzScheduler' initialized from an externally provided properties instance.
time:2020-Jan-02 10:44:26.027 level:INFO  thread:main logger:org.quartz.impl.StdSchedulerFactory message:Quartz scheduler version: 2.2.1
time:2020-Jan-02 10:44:26.035 level:INFO  thread:main logger:org.quartz.core.QuartzScheduler message:JobFactory set to: net.halflite.guicequartzsample.scheduler.GuiceJobFactory@f107c50
time:2020-Jan-02 10:44:26.147 level:INFO  thread:main logger:org.quartz.xml.XMLSchedulingDataProcessor message:Parsing XML file: quartz-config.xml with systemId: quartz-config.xml
time:2020-Jan-02 10:44:26.504 level:INFO  thread:main logger:org.quartz.xml.XMLSchedulingDataProcessor message:Adding 1 jobs, 1 triggers.
time:2020-Jan-02 10:44:26.504 level:INFO  thread:main logger:org.quartz.xml.XMLSchedulingDataProcessor message:Adding job: default_job_group.default_job
time:2020-Jan-02 10:44:26.507 level:INFO  thread:main logger:org.quartz.core.QuartzScheduler message:Scheduler QuartzScheduler_$_NON_CLUSTERED started.
time:2020-Jan-02 10:44:33.592 level:INFO  thread:main logger:org.quartz.impl.StdSchedulerFactory message:Using default implementation for ThreadExecutor
time:2020-Jan-02 10:44:33.619 level:INFO  thread:main logger:org.quartz.core.SchedulerSignalerImpl message:Initialized Scheduler Signaller of type: class org.quartz.core.SchedulerSignalerImpl
time:2020-Jan-02 10:44:33.623 level:INFO  thread:main logger:org.quartz.core.QuartzScheduler message:Quartz Scheduler v.2.2.1 created.
time:2020-Jan-02 10:44:33.624 level:INFO  thread:main logger:org.quartz.plugins.xml.XMLSchedulingDataProcessorPlugin message:Registering Quartz Job Initialization Plug-in.
time:2020-Jan-02 10:44:33.626 level:INFO  thread:main logger:org.quartz.simpl.RAMJobStore message:RAMJobStore initialized.
time:2020-Jan-02 10:44:33.627 level:INFO  thread:main logger:org.quartz.core.QuartzScheduler message:Scheduler meta-data: Quartz Scheduler (v2.2.1) 'QuartzScheduler' with instanceId 'NON_CLUSTERED'
  Scheduler class: 'org.quartz.core.QuartzScheduler' - running locally.
  NOT STARTED.
  Currently in standby mode.
  Number of jobs executed: 0
  Using thread pool 'org.quartz.simpl.SimpleThreadPool' - with 5 threads.
  Using job-store 'org.quartz.simpl.RAMJobStore' - which does not support persistence. and is not clustered.

time:2020-Jan-02 10:44:33.631 level:INFO  thread:main logger:org.quartz.impl.StdSchedulerFactory message:Quartz scheduler 'QuartzScheduler' initialized from an externally provided properties instance.
time:2020-Jan-02 10:44:33.633 level:INFO  thread:main logger:org.quartz.impl.StdSchedulerFactory message:Quartz scheduler version: 2.2.1
time:2020-Jan-02 10:44:33.635 level:INFO  thread:main logger:org.quartz.core.QuartzScheduler message:JobFactory set to: net.halflite.guicequartzsample.scheduler.GuiceJobFactory@38604b81
time:2020-Jan-02 10:44:33.727 level:INFO  thread:main logger:org.quartz.xml.XMLSchedulingDataProcessor message:Parsing XML file: quartz-config.xml with systemId: quartz-config.xml
time:2020-Jan-02 10:44:34.084 level:INFO  thread:main logger:org.quartz.xml.XMLSchedulingDataProcessor message:Adding 1 jobs, 1 triggers.
time:2020-Jan-02 10:44:34.086 level:INFO  thread:main logger:org.quartz.xml.XMLSchedulingDataProcessor message:Adding job: default_job_group.default_job
time:2020-Jan-02 10:44:34.091 level:INFO  thread:main logger:org.quartz.core.QuartzScheduler message:Scheduler QuartzScheduler_$_NON_CLUSTERED started.
time:2020-Jan-02 10:46:18.909 level:INFO  thread:main logger:org.quartz.impl.StdSchedulerFactory message:Using default implementation for ThreadExecutor
time:2020-Jan-02 10:46:18.924 level:INFO  thread:main logger:org.quartz.core.SchedulerSignalerImpl message:Initialized Scheduler Signaller of type: class org.quartz.core.SchedulerSignalerImpl
time:2020-Jan-02 10:46:18.926 level:INFO  thread:main logger:org.quartz.core.QuartzScheduler message:Quartz Scheduler v.2.2.1 created.
time:2020-Jan-02 10:46:18.927 level:INFO  thread:main logger:org.quartz.plugins.xml.XMLSchedulingDataProcessorPlugin message:Registering Quartz Job Initialization Plug-in.
time:2020-Jan-02 10:46:18.929 level:INFO  thread:main logger:org.quartz.simpl.RAMJobStore message:RAMJobStore initialized.
time:2020-Jan-02 10:46:18.929 level:INFO  thread:main logger:org.quartz.core.QuartzScheduler message:Scheduler meta-data: Quartz Scheduler (v2.2.1) 'QuartzScheduler' with instanceId 'NON_CLUSTERED'
  Scheduler class: 'org.quartz.core.QuartzScheduler' - running locally.
  NOT STARTED.
  Currently in standby mode.
  Number of jobs executed: 0
  Using thread pool 'org.quartz.simpl.SimpleThreadPool' - with 5 threads.
  Using job-store 'org.quartz.simpl.RAMJobStore' - which does not support persistence. and is not clustered.

time:2020-Jan-02 10:46:18.930 level:INFO  thread:main logger:org.quartz.impl.StdSchedulerFactory message:Quartz scheduler 'QuartzScheduler' initialized from an externally provided properties instance.
time:2020-Jan-02 10:46:18.930 level:INFO  thread:main logger:org.quartz.impl.StdSchedulerFactory message:Quartz scheduler version: 2.2.1
time:2020-Jan-02 10:46:18.930 level:INFO  thread:main logger:org.quartz.core.QuartzScheduler message:JobFactory set to: net.halflite.guicequartzsample.scheduler.GuiceJobFactory@332796d3
time:2020-Jan-02 10:46:18.944 level:INFO  thread:main logger:org.quartz.xml.XMLSchedulingDataProcessor message:Parsing XML file: quartz-config.xml with systemId: quartz-config.xml
time:2020-Jan-02 10:46:19.074 level:INFO  thread:main logger:org.quartz.xml.XMLSchedulingDataProcessor message:Adding 1 jobs, 1 triggers.
time:2020-Jan-02 10:46:19.075 level:INFO  thread:main logger:org.quartz.xml.XMLSchedulingDataProcessor message:Adding job: default_job_group.default_job
time:2020-Jan-02 10:46:19.078 level:INFO  thread:main logger:org.quartz.core.QuartzScheduler message:Scheduler QuartzScheduler_$_NON_CLUSTERED started.
time:2020-Jan-02 10:46:19.185 level:INFO  thread:main logger:org.quartz.core.QuartzScheduler message:JobFactory set to: net.halflite.guicequartzsample.scheduler.GuiceJobFactory@5a85c92
time:2020-Jan-02 10:46:19.185 level:INFO  thread:main logger:org.quartz.core.QuartzScheduler message:Scheduler QuartzScheduler_$_NON_CLUSTERED started.
time:2020-Jan-02 10:50:23.384 level:INFO  thread:main logger:org.quartz.impl.StdSchedulerFactory message:Using default implementation for ThreadExecutor
time:2020-Jan-02 10:50:23.402 level:INFO  thread:main logger:org.quartz.core.SchedulerSignalerImpl message:Initialized Scheduler Signaller of type: class org.quartz.core.SchedulerSignalerImpl
time:2020-Jan-02 10:50:23.403 level:INFO  thread:main logger:org.quartz.core.QuartzScheduler message:Quartz Scheduler v.2.2.1 created.
time:2020-Jan-02 10:50:23.404 level:INFO  thread:main logger:org.quartz.plugins.xml.XMLSchedulingDataProcessorPlugin message:Registering Quartz Job Initialization Plug-in.
time:2020-Jan-02 10:50:23.406 level:INFO  thread:main logger:org.quartz.simpl.RAMJobStore message:RAMJobStore initialized.
time:2020-Jan-02 10:50:23.407 level:INFO  thread:main logger:org.quartz.core.QuartzScheduler message:Scheduler meta-data: Quartz Scheduler (v2.2.1) 'QuartzScheduler' with instanceId 'NON_CLUSTERED'
  Scheduler class: 'org.quartz.core.QuartzScheduler' - running locally.
  NOT STARTED.
  Currently in standby mode.
  Number of jobs executed: 0
  Using thread pool 'org.quartz.simpl.SimpleThreadPool' - with 5 threads.
  Using job-store 'org.quartz.simpl.RAMJobStore' - which does not support persistence. and is not clustered.

time:2020-Jan-02 10:50:23.407 level:INFO  thread:main logger:org.quartz.impl.StdSchedulerFactory message:Quartz scheduler 'QuartzScheduler' initialized from an externally provided properties instance.
time:2020-Jan-02 10:50:23.408 level:INFO  thread:main logger:org.quartz.impl.StdSchedulerFactory message:Quartz scheduler version: 2.2.1
time:2020-Jan-02 10:50:23.408 level:INFO  thread:main logger:org.quartz.core.QuartzScheduler message:JobFactory set to: net.halflite.guicequartzsample.scheduler.GuiceJobFactory@332796d3
time:2020-Jan-02 10:50:23.426 level:INFO  thread:main logger:org.quartz.xml.XMLSchedulingDataProcessor message:Parsing XML file: quartz-config.xml with systemId: quartz-config.xml
time:2020-Jan-02 10:50:23.570 level:INFO  thread:main logger:org.quartz.xml.XMLSchedulingDataProcessor message:Adding 1 jobs, 1 triggers.
time:2020-Jan-02 10:50:23.570 level:INFO  thread:main logger:org.quartz.xml.XMLSchedulingDataProcessor message:Adding job: default_job_group.default_job
time:2020-Jan-02 10:50:23.573 level:INFO  thread:main logger:org.quartz.core.QuartzScheduler message:Scheduler QuartzScheduler_$_NON_CLUSTERED started.
time:2020-Jan-02 10:50:23.737 level:INFO  thread:main logger:org.quartz.core.QuartzScheduler message:JobFactory set to: net.halflite.guicequartzsample.scheduler.GuiceJobFactory@5a85c92
time:2020-Jan-02 10:50:23.738 level:INFO  thread:main logger:org.quartz.core.QuartzScheduler message:Scheduler QuartzScheduler_$_NON_CLUSTERED started.
time:2020-Jan-02 10:51:34.526 level:INFO  thread:main logger:org.quartz.impl.StdSchedulerFactory message:Using default implementation for ThreadExecutor
time:2020-Jan-02 10:51:34.551 level:INFO  thread:main logger:org.quartz.core.SchedulerSignalerImpl message:Initialized Scheduler Signaller of type: class org.quartz.core.SchedulerSignalerImpl
time:2020-Jan-02 10:51:34.561 level:INFO  thread:main logger:org.quartz.core.QuartzScheduler message:Quartz Scheduler v.2.2.1 created.
time:2020-Jan-02 10:51:34.565 level:INFO  thread:main logger:org.quartz.plugins.xml.XMLSchedulingDataProcessorPlugin message:Registering Quartz Job Initialization Plug-in.
time:2020-Jan-02 10:51:34.567 level:INFO  thread:main logger:org.quartz.simpl.RAMJobStore message:RAMJobStore initialized.
time:2020-Jan-02 10:51:34.569 level:INFO  thread:main logger:org.quartz.core.QuartzScheduler message:Scheduler meta-data: Quartz Scheduler (v2.2.1) 'QuartzScheduler' with instanceId 'NON_CLUSTERED'
  Scheduler class: 'org.quartz.core.QuartzScheduler' - running locally.
  NOT STARTED.
  Currently in standby mode.
  Number of jobs executed: 0
  Using thread pool 'org.quartz.simpl.SimpleThreadPool' - with 5 threads.
  Using job-store 'org.quartz.simpl.RAMJobStore' - which does not support persistence. and is not clustered.

time:2020-Jan-02 10:51:34.571 level:INFO  thread:main logger:org.quartz.impl.StdSchedulerFactory message:Quartz scheduler 'QuartzScheduler' initialized from an externally provided properties instance.
time:2020-Jan-02 10:51:34.572 level:INFO  thread:main logger:org.quartz.impl.StdSchedulerFactory message:Quartz scheduler version: 2.2.1
time:2020-Jan-02 10:51:34.573 level:INFO  thread:main logger:org.quartz.core.QuartzScheduler message:JobFactory set to: net.halflite.guicequartzsample.scheduler.GuiceJobFactory@1e097d59
time:2020-Jan-02 10:51:34.602 level:INFO  thread:main logger:org.quartz.xml.XMLSchedulingDataProcessor message:Parsing XML file: quartz-config.xml with systemId: quartz-config.xml
time:2020-Jan-02 10:51:34.735 level:INFO  thread:main logger:org.quartz.xml.XMLSchedulingDataProcessor message:Adding 1 jobs, 1 triggers.
time:2020-Jan-02 10:51:34.736 level:INFO  thread:main logger:org.quartz.xml.XMLSchedulingDataProcessor message:Adding job: default_job_group.default_job
time:2020-Jan-02 10:51:34.740 level:INFO  thread:main logger:org.quartz.core.QuartzScheduler message:Scheduler QuartzScheduler_$_NON_CLUSTERED started.
time:2020-Jan-02 10:51:34.848 level:INFO  thread:main logger:org.quartz.core.QuartzScheduler message:JobFactory set to: net.halflite.guicequartzsample.scheduler.GuiceJobFactory@47c4ecdc
time:2020-Jan-02 10:51:34.850 level:INFO  thread:main logger:org.quartz.core.QuartzScheduler message:Scheduler QuartzScheduler_$_NON_CLUSTERED started.
time:2020-Jan-02 11:46:54.996 level:INFO  thread:main logger:org.quartz.impl.StdSchedulerFactory message:Using default implementation for ThreadExecutor
time:2020-Jan-02 11:46:55.017 level:INFO  thread:main logger:org.quartz.core.SchedulerSignalerImpl message:Initialized Scheduler Signaller of type: class org.quartz.core.SchedulerSignalerImpl
time:2020-Jan-02 11:46:55.019 level:INFO  thread:main logger:org.quartz.core.QuartzScheduler message:Quartz Scheduler v.2.2.1 created.
time:2020-Jan-02 11:46:55.020 level:INFO  thread:main logger:org.quartz.plugins.xml.XMLSchedulingDataProcessorPlugin message:Registering Quartz Job Initialization Plug-in.
time:2020-Jan-02 11:46:55.021 level:INFO  thread:main logger:org.quartz.simpl.RAMJobStore message:RAMJobStore initialized.
time:2020-Jan-02 11:46:55.022 level:INFO  thread:main logger:org.quartz.core.QuartzScheduler message:Scheduler meta-data: Quartz Scheduler (v2.2.1) 'QuartzScheduler' with instanceId 'NON_CLUSTERED'
  Scheduler class: 'org.quartz.core.QuartzScheduler' - running locally.
  NOT STARTED.
  Currently in standby mode.
  Number of jobs executed: 0
  Using thread pool 'org.quartz.simpl.SimpleThreadPool' - with 5 threads.
  Using job-store 'org.quartz.simpl.RAMJobStore' - which does not support persistence. and is not clustered.

time:2020-Jan-02 11:46:55.022 level:INFO  thread:main logger:org.quartz.impl.StdSchedulerFactory message:Quartz scheduler 'QuartzScheduler' initialized from an externally provided properties instance.
time:2020-Jan-02 11:46:55.022 level:INFO  thread:main logger:org.quartz.impl.StdSchedulerFactory message:Quartz scheduler version: 2.2.1
time:2020-Jan-02 11:46:55.022 level:INFO  thread:main logger:org.quartz.core.QuartzScheduler message:JobFactory set to: net.halflite.guicequartzsample.scheduler.GuiceJobFactory@1e097d59
time:2020-Jan-02 11:46:55.040 level:INFO  thread:main logger:org.quartz.xml.XMLSchedulingDataProcessor message:Parsing XML file: quartz-config.xml with systemId: quartz-config.xml
time:2020-Jan-02 11:46:55.199 level:INFO  thread:main logger:org.quartz.xml.XMLSchedulingDataProcessor message:Adding 1 jobs, 1 triggers.
time:2020-Jan-02 11:46:55.200 level:INFO  thread:main logger:org.quartz.xml.XMLSchedulingDataProcessor message:Adding job: default_job_group.default_job
time:2020-Jan-02 11:46:55.203 level:INFO  thread:main logger:org.quartz.core.QuartzScheduler message:Scheduler QuartzScheduler_$_NON_CLUSTERED started.
time:2020-Jan-02 11:46:55.321 level:INFO  thread:main logger:org.quartz.core.QuartzScheduler message:JobFactory set to: net.halflite.guicequartzsample.scheduler.GuiceJobFactory@47c4ecdc
time:2020-Jan-02 11:46:55.321 level:INFO  thread:main logger:org.quartz.core.QuartzScheduler message:Scheduler QuartzScheduler_$_NON_CLUSTERED started.
time:2020-Jan-02 11:47:04.383 level:INFO  thread:main logger:org.quartz.impl.StdSchedulerFactory message:Using default implementation for ThreadExecutor
time:2020-Jan-02 11:47:04.409 level:INFO  thread:main logger:org.quartz.core.SchedulerSignalerImpl message:Initialized Scheduler Signaller of type: class org.quartz.core.SchedulerSignalerImpl
time:2020-Jan-02 11:47:04.412 level:INFO  thread:main logger:org.quartz.core.QuartzScheduler message:Quartz Scheduler v.2.2.1 created.
time:2020-Jan-02 11:47:04.414 level:INFO  thread:main logger:org.quartz.plugins.xml.XMLSchedulingDataProcessorPlugin message:Registering Quartz Job Initialization Plug-in.
time:2020-Jan-02 11:47:04.416 level:INFO  thread:main logger:org.quartz.simpl.RAMJobStore message:RAMJobStore initialized.
time:2020-Jan-02 11:47:04.417 level:INFO  thread:main logger:org.quartz.core.QuartzScheduler message:Scheduler meta-data: Quartz Scheduler (v2.2.1) 'QuartzScheduler' with instanceId 'NON_CLUSTERED'
  Scheduler class: 'org.quartz.core.QuartzScheduler' - running locally.
  NOT STARTED.
  Currently in standby mode.
  Number of jobs executed: 0
  Using thread pool 'org.quartz.simpl.SimpleThreadPool' - with 5 threads.
  Using job-store 'org.quartz.simpl.RAMJobStore' - which does not support persistence. and is not clustered.

time:2020-Jan-02 11:47:04.418 level:INFO  thread:main logger:org.quartz.impl.StdSchedulerFactory message:Quartz scheduler 'QuartzScheduler' initialized from an externally provided properties instance.
time:2020-Jan-02 11:47:04.419 level:INFO  thread:main logger:org.quartz.impl.StdSchedulerFactory message:Quartz scheduler version: 2.2.1
time:2020-Jan-02 11:47:04.420 level:INFO  thread:main logger:org.quartz.core.QuartzScheduler message:JobFactory set to: net.halflite.guicequartzsample.scheduler.GuiceJobFactory@1e097d59
time:2020-Jan-02 11:47:04.446 level:INFO  thread:main logger:org.quartz.xml.XMLSchedulingDataProcessor message:Parsing XML file: quartz-config.xml with systemId: quartz-config.xml
time:2020-Jan-02 11:47:04.605 level:INFO  thread:main logger:org.quartz.xml.XMLSchedulingDataProcessor message:Adding 1 jobs, 1 triggers.
time:2020-Jan-02 11:47:04.606 level:INFO  thread:main logger:org.quartz.xml.XMLSchedulingDataProcessor message:Adding job: default_job_group.default_job
time:2020-Jan-02 11:47:04.615 level:INFO  thread:main logger:org.quartz.core.QuartzScheduler message:Scheduler QuartzScheduler_$_NON_CLUSTERED started.
time:2020-Jan-02 11:47:04.755 level:INFO  thread:main logger:org.quartz.core.QuartzScheduler message:JobFactory set to: net.halflite.guicequartzsample.scheduler.GuiceJobFactory@47c4ecdc
time:2020-Jan-02 11:47:04.755 level:INFO  thread:main logger:org.quartz.core.QuartzScheduler message:Scheduler QuartzScheduler_$_NON_CLUSTERED started.
time:2020-Jan-02 11:47:48.612 level:INFO  thread:main logger:org.quartz.impl.StdSchedulerFactory message:Using default implementation for ThreadExecutor
time:2020-Jan-02 11:47:48.650 level:INFO  thread:main logger:org.quartz.core.SchedulerSignalerImpl message:Initialized Scheduler Signaller of type: class org.quartz.core.SchedulerSignalerImpl
time:2020-Jan-02 11:47:48.669 level:INFO  thread:main logger:org.quartz.core.QuartzScheduler message:Quartz Scheduler v.2.2.1 created.
time:2020-Jan-02 11:47:48.671 level:INFO  thread:main logger:org.quartz.plugins.xml.XMLSchedulingDataProcessorPlugin message:Registering Quartz Job Initialization Plug-in.
time:2020-Jan-02 11:47:48.684 level:INFO  thread:main logger:org.quartz.simpl.RAMJobStore message:RAMJobStore initialized.
time:2020-Jan-02 11:47:48.687 level:INFO  thread:main logger:org.quartz.core.QuartzScheduler message:Scheduler meta-data: Quartz Scheduler (v2.2.1) 'QuartzScheduler' with instanceId 'NON_CLUSTERED'
  Scheduler class: 'org.quartz.core.QuartzScheduler' - running locally.
  NOT STARTED.
  Currently in standby mode.
  Number of jobs executed: 0
  Using thread pool 'org.quartz.simpl.SimpleThreadPool' - with 5 threads.
  Using job-store 'org.quartz.simpl.RAMJobStore' - which does not support persistence. and is not clustered.

time:2020-Jan-02 11:47:48.689 level:INFO  thread:main logger:org.quartz.impl.StdSchedulerFactory message:Quartz scheduler 'QuartzScheduler' initialized from an externally provided properties instance.
time:2020-Jan-02 11:47:48.689 level:INFO  thread:main logger:org.quartz.impl.StdSchedulerFactory message:Quartz scheduler version: 2.2.1
time:2020-Jan-02 11:47:48.691 level:INFO  thread:main logger:org.quartz.core.QuartzScheduler message:JobFactory set to: net.halflite.guicequartzsample.scheduler.GuiceJobFactory@1e097d59
time:2020-Jan-02 11:47:48.753 level:INFO  thread:main logger:org.quartz.xml.XMLSchedulingDataProcessor message:Parsing XML file: quartz-config.xml with systemId: quartz-config.xml
time:2020-Jan-02 11:47:49.007 level:INFO  thread:main logger:org.quartz.xml.XMLSchedulingDataProcessor message:Adding 1 jobs, 1 triggers.
time:2020-Jan-02 11:47:49.013 level:INFO  thread:main logger:org.quartz.xml.XMLSchedulingDataProcessor message:Adding job: default_job_group.default_job
time:2020-Jan-02 11:47:49.018 level:INFO  thread:main logger:org.quartz.core.QuartzScheduler message:Scheduler QuartzScheduler_$_NON_CLUSTERED started.
time:2020-Jan-02 11:47:49.150 level:INFO  thread:main logger:org.quartz.core.QuartzScheduler message:JobFactory set to: net.halflite.guicequartzsample.scheduler.GuiceJobFactory@47c4ecdc
time:2020-Jan-02 11:47:49.151 level:INFO  thread:main logger:org.quartz.core.QuartzScheduler message:Scheduler QuartzScheduler_$_NON_CLUSTERED started.
time:2020-Jan-02 11:52:44.253 level:INFO  thread:main logger:org.quartz.impl.StdSchedulerFactory message:Using default implementation for ThreadExecutor
time:2020-Jan-02 11:52:44.275 level:INFO  thread:main logger:org.quartz.core.SchedulerSignalerImpl message:Initialized Scheduler Signaller of type: class org.quartz.core.SchedulerSignalerImpl
time:2020-Jan-02 11:52:44.277 level:INFO  thread:main logger:org.quartz.core.QuartzScheduler message:Quartz Scheduler v.2.2.1 created.
time:2020-Jan-02 11:52:44.278 level:INFO  thread:main logger:org.quartz.plugins.xml.XMLSchedulingDataProcessorPlugin message:Registering Quartz Job Initialization Plug-in.
time:2020-Jan-02 11:52:44.280 level:INFO  thread:main logger:org.quartz.simpl.RAMJobStore message:RAMJobStore initialized.
time:2020-Jan-02 11:52:44.282 level:INFO  thread:main logger:org.quartz.core.QuartzScheduler message:Scheduler meta-data: Quartz Scheduler (v2.2.1) 'QuartzScheduler' with instanceId 'NON_CLUSTERED'
  Scheduler class: 'org.quartz.core.QuartzScheduler' - running locally.
  NOT STARTED.
  Currently in standby mode.
  Number of jobs executed: 0
  Using thread pool 'org.quartz.simpl.SimpleThreadPool' - with 5 threads.
  Using job-store 'org.quartz.simpl.RAMJobStore' - which does not support persistence. and is not clustered.

time:2020-Jan-02 11:52:44.284 level:INFO  thread:main logger:org.quartz.impl.StdSchedulerFactory message:Quartz scheduler 'QuartzScheduler' initialized from an externally provided properties instance.
time:2020-Jan-02 11:52:44.289 level:INFO  thread:main logger:org.quartz.impl.StdSchedulerFactory message:Quartz scheduler version: 2.2.1
time:2020-Jan-02 11:52:44.291 level:INFO  thread:main logger:org.quartz.core.QuartzScheduler message:JobFactory set to: net.halflite.guicequartzsample.scheduler.GuiceJobFactory@332796d3
time:2020-Jan-02 11:52:44.379 level:INFO  thread:main logger:org.quartz.xml.XMLSchedulingDataProcessor message:Parsing XML file: quartz-config.xml with systemId: quartz-config.xml
time:2020-Jan-02 11:52:44.568 level:INFO  thread:main logger:org.quartz.xml.XMLSchedulingDataProcessor message:Adding 1 jobs, 1 triggers.
time:2020-Jan-02 11:52:44.589 level:INFO  thread:main logger:org.quartz.xml.XMLSchedulingDataProcessor message:Adding job: default_job_group.default_job
time:2020-Jan-02 11:52:44.598 level:INFO  thread:main logger:org.quartz.core.QuartzScheduler message:Scheduler QuartzScheduler_$_NON_CLUSTERED started.
time:2020-Jan-02 11:52:44.729 level:INFO  thread:main logger:org.quartz.core.QuartzScheduler message:JobFactory set to: net.halflite.guicequartzsample.scheduler.GuiceJobFactory@5a85c92
time:2020-Jan-02 11:52:44.731 level:INFO  thread:main logger:org.quartz.core.QuartzScheduler message:Scheduler QuartzScheduler_$_NON_CLUSTERED started.
time:2020-Jan-02 11:53:00.151 level:INFO  thread:main logger:org.quartz.impl.StdSchedulerFactory message:Using default implementation for ThreadExecutor
time:2020-Jan-02 11:53:00.169 level:INFO  thread:main logger:org.quartz.core.SchedulerSignalerImpl message:Initialized Scheduler Signaller of type: class org.quartz.core.SchedulerSignalerImpl
time:2020-Jan-02 11:53:00.171 level:INFO  thread:main logger:org.quartz.core.QuartzScheduler message:Quartz Scheduler v.2.2.1 created.
time:2020-Jan-02 11:53:00.172 level:INFO  thread:main logger:org.quartz.plugins.xml.XMLSchedulingDataProcessorPlugin message:Registering Quartz Job Initialization Plug-in.
time:2020-Jan-02 11:53:00.174 level:INFO  thread:main logger:org.quartz.simpl.RAMJobStore message:RAMJobStore initialized.
time:2020-Jan-02 11:53:00.176 level:INFO  thread:main logger:org.quartz.core.QuartzScheduler message:Scheduler meta-data: Quartz Scheduler (v2.2.1) 'QuartzScheduler' with instanceId 'NON_CLUSTERED'
  Scheduler class: 'org.quartz.core.QuartzScheduler' - running locally.
  NOT STARTED.
  Currently in standby mode.
  Number of jobs executed: 0
  Using thread pool 'org.quartz.simpl.SimpleThreadPool' - with 5 threads.
  Using job-store 'org.quartz.simpl.RAMJobStore' - which does not support persistence. and is not clustered.

time:2020-Jan-02 11:53:00.176 level:INFO  thread:main logger:org.quartz.impl.StdSchedulerFactory message:Quartz scheduler 'QuartzScheduler' initialized from an externally provided properties instance.
time:2020-Jan-02 11:53:00.176 level:INFO  thread:main logger:org.quartz.impl.StdSchedulerFactory message:Quartz scheduler version: 2.2.1
time:2020-Jan-02 11:53:00.177 level:INFO  thread:main logger:org.quartz.core.QuartzScheduler message:JobFactory set to: net.halflite.guicequartzsample.scheduler.GuiceJobFactory@1e097d59
time:2020-Jan-02 11:53:00.195 level:INFO  thread:main logger:org.quartz.xml.XMLSchedulingDataProcessor message:Parsing XML file: quartz-config.xml with systemId: quartz-config.xml
time:2020-Jan-02 11:53:00.332 level:INFO  thread:main logger:org.quartz.xml.XMLSchedulingDataProcessor message:Adding 1 jobs, 1 triggers.
time:2020-Jan-02 11:53:00.332 level:INFO  thread:main logger:org.quartz.xml.XMLSchedulingDataProcessor message:Adding job: default_job_group.default_job
time:2020-Jan-02 11:53:00.336 level:INFO  thread:main logger:org.quartz.core.QuartzScheduler message:Scheduler QuartzScheduler_$_NON_CLUSTERED started.
time:2020-Jan-02 11:53:00.482 level:INFO  thread:main logger:org.quartz.core.QuartzScheduler message:JobFactory set to: net.halflite.guicequartzsample.scheduler.GuiceJobFactory@2e9fda69
time:2020-Jan-02 11:53:00.482 level:INFO  thread:main logger:org.quartz.core.QuartzScheduler message:Scheduler QuartzScheduler_$_NON_CLUSTERED started.
time:2020-Jan-02 11:54:06.287 level:INFO  thread:main logger:org.quartz.impl.StdSchedulerFactory message:Using default implementation for ThreadExecutor
time:2020-Jan-02 11:54:06.307 level:INFO  thread:main logger:org.quartz.core.SchedulerSignalerImpl message:Initialized Scheduler Signaller of type: class org.quartz.core.SchedulerSignalerImpl
time:2020-Jan-02 11:54:06.308 level:INFO  thread:main logger:org.quartz.core.QuartzScheduler message:Quartz Scheduler v.2.2.1 created.
time:2020-Jan-02 11:54:06.309 level:INFO  thread:main logger:org.quartz.plugins.xml.XMLSchedulingDataProcessorPlugin message:Registering Quartz Job Initialization Plug-in.
time:2020-Jan-02 11:54:06.311 level:INFO  thread:main logger:org.quartz.simpl.RAMJobStore message:RAMJobStore initialized.
time:2020-Jan-02 11:54:06.311 level:INFO  thread:main logger:org.quartz.core.QuartzScheduler message:Scheduler meta-data: Quartz Scheduler (v2.2.1) 'QuartzScheduler' with instanceId 'NON_CLUSTERED'
  Scheduler class: 'org.quartz.core.QuartzScheduler' - running locally.
  NOT STARTED.
  Currently in standby mode.
  Number of jobs executed: 0
  Using thread pool 'org.quartz.simpl.SimpleThreadPool' - with 5 threads.
  Using job-store 'org.quartz.simpl.RAMJobStore' - which does not support persistence. and is not clustered.

time:2020-Jan-02 11:54:06.312 level:INFO  thread:main logger:org.quartz.impl.StdSchedulerFactory message:Quartz scheduler 'QuartzScheduler' initialized from an externally provided properties instance.
time:2020-Jan-02 11:54:06.312 level:INFO  thread:main logger:org.quartz.impl.StdSchedulerFactory message:Quartz scheduler version: 2.2.1
time:2020-Jan-02 11:54:06.314 level:INFO  thread:main logger:org.quartz.core.QuartzScheduler message:JobFactory set to: net.halflite.guicequartzsample.scheduler.GuiceJobFactory@332796d3
time:2020-Jan-02 11:54:06.338 level:INFO  thread:main logger:org.quartz.xml.XMLSchedulingDataProcessor message:Parsing XML file: quartz-config.xml with systemId: quartz-config.xml
time:2020-Jan-02 11:54:06.533 level:INFO  thread:main logger:org.quartz.xml.XMLSchedulingDataProcessor message:Adding 1 jobs, 1 triggers.
time:2020-Jan-02 11:54:06.534 level:INFO  thread:main logger:org.quartz.xml.XMLSchedulingDataProcessor message:Adding job: default_job_group.default_job
time:2020-Jan-02 11:54:06.540 level:INFO  thread:main logger:org.quartz.core.QuartzScheduler message:Scheduler QuartzScheduler_$_NON_CLUSTERED started.
time:2020-Jan-02 11:54:06.698 level:INFO  thread:main logger:org.quartz.core.QuartzScheduler message:JobFactory set to: net.halflite.guicequartzsample.scheduler.GuiceJobFactory@5a85c92
time:2020-Jan-02 11:54:06.699 level:INFO  thread:main logger:org.quartz.core.QuartzScheduler message:Scheduler QuartzScheduler_$_NON_CLUSTERED started.
time:2020-Jan-02 11:54:50.014 level:INFO  thread:main logger:org.quartz.impl.StdSchedulerFactory message:Using default implementation for ThreadExecutor
time:2020-Jan-02 11:54:50.050 level:INFO  thread:main logger:org.quartz.core.SchedulerSignalerImpl message:Initialized Scheduler Signaller of type: class org.quartz.core.SchedulerSignalerImpl
time:2020-Jan-02 11:54:50.053 level:INFO  thread:main logger:org.quartz.core.QuartzScheduler message:Quartz Scheduler v.2.2.1 created.
time:2020-Jan-02 11:54:50.056 level:INFO  thread:main logger:org.quartz.plugins.xml.XMLSchedulingDataProcessorPlugin message:Registering Quartz Job Initialization Plug-in.
time:2020-Jan-02 11:54:50.065 level:INFO  thread:main logger:org.quartz.simpl.RAMJobStore message:RAMJobStore initialized.
time:2020-Jan-02 11:54:50.068 level:INFO  thread:main logger:org.quartz.core.QuartzScheduler message:Scheduler meta-data: Quartz Scheduler (v2.2.1) 'QuartzScheduler' with instanceId 'NON_CLUSTERED'
  Scheduler class: 'org.quartz.core.QuartzScheduler' - running locally.
  NOT STARTED.
  Currently in standby mode.
  Number of jobs executed: 0
  Using thread pool 'org.quartz.simpl.SimpleThreadPool' - with 5 threads.
  Using job-store 'org.quartz.simpl.RAMJobStore' - which does not support persistence. and is not clustered.

time:2020-Jan-02 11:54:50.070 level:INFO  thread:main logger:org.quartz.impl.StdSchedulerFactory message:Quartz scheduler 'QuartzScheduler' initialized from an externally provided properties instance.
time:2020-Jan-02 11:54:50.081 level:INFO  thread:main logger:org.quartz.impl.StdSchedulerFactory message:Quartz scheduler version: 2.2.1
time:2020-Jan-02 11:54:50.082 level:INFO  thread:main logger:org.quartz.core.QuartzScheduler message:JobFactory set to: net.halflite.guicequartzsample.scheduler.GuiceJobFactory@1e097d59
time:2020-Jan-02 11:54:50.124 level:INFO  thread:main logger:org.quartz.xml.XMLSchedulingDataProcessor message:Parsing XML file: quartz-config.xml with systemId: quartz-config.xml
time:2020-Jan-02 11:54:50.311 level:INFO  thread:main logger:org.quartz.xml.XMLSchedulingDataProcessor message:Adding 1 jobs, 1 triggers.
time:2020-Jan-02 11:54:50.312 level:INFO  thread:main logger:org.quartz.xml.XMLSchedulingDataProcessor message:Adding job: default_job_group.default_job
time:2020-Jan-02 11:54:50.317 level:INFO  thread:main logger:org.quartz.core.QuartzScheduler message:Scheduler QuartzScheduler_$_NON_CLUSTERED started.
time:2020-Jan-02 11:54:50.506 level:INFO  thread:main logger:org.quartz.core.QuartzScheduler message:JobFactory set to: net.halflite.guicequartzsample.scheduler.GuiceJobFactory@47c4ecdc
time:2020-Jan-02 11:54:50.508 level:INFO  thread:main logger:org.quartz.core.QuartzScheduler message:Scheduler QuartzScheduler_$_NON_CLUSTERED started.
